<?xml version="1.0" encoding="UTF-8"?>
<!-- Generated by org.testng.reporters.JUnitXMLReporter -->
<testsuite hostname="sourabhdh-w7" name="Tests addAdminRole" tests="1" failures="1" timestamp="13 Dec 2016 15:49:44 GMT" time="49.375" errors="0">
  <testcase name="@AfterMethod afterMethod" time="0.0" classname="com.test.AdminTest">
    <failure type="java.lang.NullPointerException">
      <![CDATA[java.lang.NullPointerException
	at com.ideator.util.PageClass.teardown(PageClass.java:147)
	at com.test.AdminTest.afterMethod(AdminTest.java:125)
	at com.test.Ideator_Start.testNgRun(Ideator_Start.java:44)
	at com.test.Ideator_Start.main(Ideator_Start.java:100)
... Removed 23 stack frames]]>
    </failure>
  </testcase> <!-- @AfterMethod afterMethod -->
  <testcase name="@AfterClass afterClass" time="0.0" classname="com.test.AdminTest">
    <skipped/>
  </testcase> <!-- @AfterClass afterClass -->
  <testcase name="addAdminRole" time="0.002" classname="com.test.AdminTest">
    <failure type="java.lang.NullPointerException">
      <![CDATA[java.lang.NullPointerException
	at com.test.AdminTest.addAdminRole(AdminTest.java:44)
	at com.test.Ideator_Start.testNgRun(Ideator_Start.java:44)
	at com.test.Ideator_Start.main(Ideator_Start.java:100)
... Removed 21 stack frames]]>
    </failure>
  </testcase> <!-- addAdminRole -->
</testsuite> <!-- Tests addAdminRole -->
