<?xml version="1.0" encoding="UTF-8"?>
<!-- Generated by org.testng.reporters.JUnitXMLReporter -->
<testsuite hostname="sourabhdh-w7" name="Tests com.test.PublicUser" tests="18" failures="2" timestamp="15 Feb 2017 13:53:25 GMT" time="521.586" errors="0">
  <testcase name="createNewIdea" time="15.539" classname="com.test.PublicUser"/>
  <testcase name="editNewIdea" time="12.721" classname="com.test.PublicUser"/>
  <testcase name="publicTAbFunctionality" time="17.908" classname="com.test.PublicUser"/>
  <testcase name="likeIdeaFunctionality" time="8.991" classname="com.test.PublicUser"/>
  <testcase name="searchIdeaFunctionality" time="1.91" classname="com.test.PublicUser">
    <failure type="java.lang.AssertionError" message="expected [true] but found [false]">
      <![CDATA[java.lang.AssertionError: expected [true] but found [false]
	at com.test.PublicUser.searchIdeaFunctionality(PublicUser.java:107)
	at com.test.Ideator_Start.testNgRun(Ideator_Start.java:43)
	at com.test.Ideator_Start.main(Ideator_Start.java:115)
... Removed 25 stack frames]]>
    </failure>
  </testcase> <!-- searchIdeaFunctionality -->
  <testcase name="sortIdeaFunctionality" time="23.051" classname="com.test.PublicUser"/>
  <testcase name="editMyProfile" time="13.647" classname="com.test.PublicUser"/>
  <testcase name="searchPeopleFunctionality" time="8.804" classname="com.test.PublicUser"/>
  <testcase name="checkIdeaList" time="17.494" classname="com.test.PublicUser"/>
  <testcase name="postDiscussion" time="9.264" classname="com.test.PublicUser"/>
  <testcase name="commentOnDiscussion" time="6.991" classname="com.test.PublicUser"/>
  <testcase name="clickonProfilePic" time="7.021" classname="com.test.PublicUser"/>
  <testcase name="deleteDiscussion" time="6.693" classname="com.test.PublicUser"/>
  <testcase name="add_delete_UserIntoIdea" time="140.919" classname="com.test.PublicUser"/>
  <testcase name="deleteIdea" time="18.694" classname="com.test.PublicUser"/>
  <testcase name="signOut" time="9.779" classname="com.test.PublicUser"/>
  <testcase name="checkCommunitySwitcher" time="10.054" classname="com.test.PublicUser">
    <failure type="org.openqa.selenium.NoSuchElementException" message="Unable to locate element: {&amp;quot;method&amp;quot;:&amp;quot;css selector&amp;quot;,&amp;quot;selector&amp;quot;:&amp;quot;.user__image-small&amp;quot;}
Command duration or timeout: 10.05 seconds
For documentation on this error, please visit: http://seleniumhq.org/exceptions/no_such_element.html
Build info: version: &amp;apos;2.48.2&amp;apos;, revision: &amp;apos;41bccdd10cf2c0560f637404c2d96164b67d9d67&amp;apos;, time: &amp;apos;2015-10-09 13:08:06&amp;apos;
System info: host: &amp;apos;sourabhdh-w7&amp;apos;, ip: &amp;apos;172.27.140.164&amp;apos;, os.name: &amp;apos;Windows 7&amp;apos;, os.arch: &amp;apos;amd64&amp;apos;, os.version: &amp;apos;6.1&amp;apos;, java.version: &amp;apos;1.8.0_91&amp;apos;
Driver info: org.openqa.selenium.firefox.FirefoxDriver
Capabilities [{applicationCacheEnabled=true, rotatable=false, handlesAlerts=true, databaseEnabled=true, version=36.0, platform=WINDOWS, nativeEvents=false, acceptSslCerts=true, webStorageEnabled=true, locationContextEnabled=true, browserName=firefox, takesScreenshot=true, javascriptEnabled=true, cssSelectorsEnabled=true}]
Session ID: fa1205f4-d165-4e38-808e-024757b30d98
*** Element info: {Using=css selector, value=.user__image-small}">
      <![CDATA[org.openqa.selenium.NoSuchElementException: Unable to locate element: {"method":"css selector","selector":".user__image-small"}
Command duration or timeout: 10.05 seconds
For documentation on this error, please visit: http://seleniumhq.org/exceptions/no_such_element.html
Build info: version: '2.48.2', revision: '41bccdd10cf2c0560f637404c2d96164b67d9d67', time: '2015-10-09 13:08:06'
System info: host: 'sourabhdh-w7', ip: '172.27.140.164', os.name: 'Windows 7', os.arch: 'amd64', os.version: '6.1', java.version: '1.8.0_91'
Driver info: org.openqa.selenium.firefox.FirefoxDriver
Capabilities [{applicationCacheEnabled=true, rotatable=false, handlesAlerts=true, databaseEnabled=true, version=36.0, platform=WINDOWS, nativeEvents=false, acceptSslCerts=true, webStorageEnabled=true, locationContextEnabled=true, browserName=firefox, takesScreenshot=true, javascriptEnabled=true, cssSelectorsEnabled=true}]
Session ID: fa1205f4-d165-4e38-808e-024757b30d98
*** Element info: {Using=css selector, value=.user__image-small}
	at org.openqa.selenium.remote.ErrorHandler.createThrowable(ErrorHandler.java:206)
	at org.openqa.selenium.remote.ErrorHandler.throwIfResponseFailed(ErrorHandler.java:158)
	at org.openqa.selenium.remote.RemoteWebDriver.execute(RemoteWebDriver.java:647)
	at org.openqa.selenium.remote.RemoteWebDriver.findElement(RemoteWebDriver.java:353)
	at org.openqa.selenium.remote.RemoteWebDriver.findElementByCssSelector(RemoteWebDriver.java:482)
	at org.openqa.selenium.By$ByCssSelector.findElement(By.java:430)
	at org.openqa.selenium.remote.RemoteWebDriver.findElement(RemoteWebDriver.java:345)
	at com.ideator.util.PageClass.clickAvatarTab(PageClass.java:253)
	at com.test.PublicUser.checkCommunitySwitcher(PublicUser.java:267)
	at com.test.Ideator_Start.testNgRun(Ideator_Start.java:43)
	at com.test.Ideator_Start.main(Ideator_Start.java:115)
Caused by: org.openqa.selenium.NoSuchElementException: Unable to locate element: {"method":"css selector","selector":".user__image-small"}
For documentation on this error, please visit: http://seleniumhq.org/exceptions/no_such_element.html
Build info: version: '2.48.2', revision: '41bccdd10cf2c0560f637404c2d96164b67d9d67', time: '2015-10-09 13:08:06'
System info: host: 'sourabhdh-w7', ip: '172.27.140.164', os.name: 'Windows 7', os.arch: 'amd64', os.version: '6.1', java.version: '1.8.0_91'
Driver info: driver.version: unknown
	at <anonymous class>.FirefoxDriver.prototype.findElementInternal_(file:///C:/Users/SAURAB~1/AppData/Local/Temp/anonymous757449125585491522webdriver-profile/extensions/fxdriver@googlecode.com/components/driver-component.js:10659)
	at <anonymous class>.fxdriver.Timer.prototype.setTimeout/<.notify(file:///C:/Users/SAURAB~1/AppData/Local/Temp/anonymous757449125585491522webdriver-profile/extensions/fxdriver@googlecode.com/components/driver-component.js:621)
... Removed 25 stack frames]]>
    </failure>
  </testcase> <!-- checkCommunitySwitcher -->
  <testcase name="clickPrivateMessage" time="16.016" classname="com.test.PublicUser"/>
</testsuite> <!-- Tests com.test.PublicUser -->
