<?xml version="1.0" encoding="UTF-8"?>
<!-- Generated by org.testng.reporters.JUnitXMLReporter -->
<testsuite hostname="sourabhdh-w7" name="Tests [createGroup, aeditUserGroup]" tests="2" failures="1" timestamp="14 Dec 2016 09:05:45 GMT" time="88.739" errors="0">
  <testcase name="@AfterMethod afterMethod" time="0.0" classname="com.test.AdminTest">
    <failure type="java.io.FileNotFoundException" message=".\src\main\resources\Automation Test Execution Sheet.xlsm (The process cannot access the file because it is being used by another process)">
      <![CDATA[java.io.FileNotFoundException: .\src\main\resources\Automation Test Execution Sheet.xlsm (The process cannot access the file because it is being used by another process)
	at java.io.FileOutputStream.open0(Native Method)
	at java.io.FileOutputStream.open(Unknown Source)
	at java.io.FileOutputStream.<init>(Unknown Source)
	at java.io.FileOutputStream.<init>(Unknown Source)
	at com.ideator.common.WorkBookRead.writeSheetTDD(WorkBookRead.java:40)
	at com.ideator.util.PageClass.teardown(PageClass.java:147)
	at com.test.AdminTest.afterMethod(AdminTest.java:125)
	at com.test.Ideator_Start.testNgRun(Ideator_Start.java:41)
	at com.test.Ideator_Start.main(Ideator_Start.java:100)
... Removed 23 stack frames]]>
    </failure>
  </testcase> <!-- @AfterMethod afterMethod -->
  <testcase name="@BeforeMethod beforeMethod" time="0.0" classname="com.test.AdminTest">
    <skipped/>
  </testcase> <!-- @BeforeMethod beforeMethod -->
  <testcase name="@AfterMethod afterMethod" time="0.0" classname="com.test.AdminTest">
    <skipped/>
  </testcase> <!-- @AfterMethod afterMethod -->
  <testcase name="@AfterClass afterClass" time="0.0" classname="com.test.AdminTest">
    <skipped/>
  </testcase> <!-- @AfterClass afterClass -->
  <testcase name="aeditUserGroup" time="29.144" classname="com.test.AdminTest">
    <failure type="org.openqa.selenium.NoSuchElementException" message="Unable to locate element: {&amp;quot;method&amp;quot;:&amp;quot;link text&amp;quot;,&amp;quot;selector&amp;quot;:&amp;quot;Manage Groups&amp;quot;}
Command duration or timeout: 15.72 seconds
For documentation on this error, please visit: http://seleniumhq.org/exceptions/no_such_element.html
Build info: version: &amp;apos;2.48.2&amp;apos;, revision: &amp;apos;41bccdd10cf2c0560f637404c2d96164b67d9d67&amp;apos;, time: &amp;apos;2015-10-09 13:08:06&amp;apos;
System info: host: &amp;apos;sourabhdh-w7&amp;apos;, ip: &amp;apos;172.27.140.164&amp;apos;, os.name: &amp;apos;Windows 7&amp;apos;, os.arch: &amp;apos;amd64&amp;apos;, os.version: &amp;apos;6.1&amp;apos;, java.version: &amp;apos;1.8.0_91&amp;apos;
Driver info: org.openqa.selenium.firefox.FirefoxDriver
Capabilities [{applicationCacheEnabled=true, rotatable=false, handlesAlerts=true, databaseEnabled=true, version=36.0, platform=WINDOWS, nativeEvents=false, acceptSslCerts=true, webStorageEnabled=true, locationContextEnabled=true, browserName=firefox, takesScreenshot=true, javascriptEnabled=true, cssSelectorsEnabled=true}]
Session ID: 6e78a51f-261b-43ab-8c10-65b39157a694
*** Element info: {Using=link text, value=Manage Groups}">
      <![CDATA[org.openqa.selenium.NoSuchElementException: Unable to locate element: {"method":"link text","selector":"Manage Groups"}
Command duration or timeout: 15.72 seconds
For documentation on this error, please visit: http://seleniumhq.org/exceptions/no_such_element.html
Build info: version: '2.48.2', revision: '41bccdd10cf2c0560f637404c2d96164b67d9d67', time: '2015-10-09 13:08:06'
System info: host: 'sourabhdh-w7', ip: '172.27.140.164', os.name: 'Windows 7', os.arch: 'amd64', os.version: '6.1', java.version: '1.8.0_91'
Driver info: org.openqa.selenium.firefox.FirefoxDriver
Capabilities [{applicationCacheEnabled=true, rotatable=false, handlesAlerts=true, databaseEnabled=true, version=36.0, platform=WINDOWS, nativeEvents=false, acceptSslCerts=true, webStorageEnabled=true, locationContextEnabled=true, browserName=firefox, takesScreenshot=true, javascriptEnabled=true, cssSelectorsEnabled=true}]
Session ID: 6e78a51f-261b-43ab-8c10-65b39157a694
*** Element info: {Using=link text, value=Manage Groups}
	at org.openqa.selenium.remote.ErrorHandler.createThrowable(ErrorHandler.java:206)
	at org.openqa.selenium.remote.ErrorHandler.throwIfResponseFailed(ErrorHandler.java:158)
	at org.openqa.selenium.remote.RemoteWebDriver.execute(RemoteWebDriver.java:647)
	at org.openqa.selenium.remote.RemoteWebDriver.findElement(RemoteWebDriver.java:353)
	at org.openqa.selenium.remote.RemoteWebDriver.findElementByLinkText(RemoteWebDriver.java:418)
	at org.openqa.selenium.By$ByLinkText.findElement(By.java:246)
	at org.openqa.selenium.remote.RemoteWebDriver.findElement(RemoteWebDriver.java:345)
	at com.ideator.util.PageClass.clickOnTab(PageClass.java:205)
	at com.test.AdminTest.aeditUserGroup(AdminTest.java:100)
	at com.test.Ideator_Start.testNgRun(Ideator_Start.java:41)
	at com.test.Ideator_Start.main(Ideator_Start.java:100)
Caused by: org.openqa.selenium.NoSuchElementException: Unable to locate element: {"method":"link text","selector":"Manage Groups"}
For documentation on this error, please visit: http://seleniumhq.org/exceptions/no_such_element.html
Build info: version: '2.48.2', revision: '41bccdd10cf2c0560f637404c2d96164b67d9d67', time: '2015-10-09 13:08:06'
System info: host: 'sourabhdh-w7', ip: '172.27.140.164', os.name: 'Windows 7', os.arch: 'amd64', os.version: '6.1', java.version: '1.8.0_91'
Driver info: driver.version: unknown
	at <anonymous class>.FirefoxDriver.prototype.findElementInternal_(file:///C:/Users/SAURAB~1/AppData/Local/Temp/anonymous5804322528374155999webdriver-profile/extensions/fxdriver@googlecode.com/components/driver-component.js:10659)
	at <anonymous class>.fxdriver.Timer.prototype.setTimeout/<.notify(file:///C:/Users/SAURAB~1/AppData/Local/Temp/anonymous5804322528374155999webdriver-profile/extensions/fxdriver@googlecode.com/components/driver-component.js:621)
... Removed 25 stack frames]]>
    </failure>
  </testcase> <!-- aeditUserGroup -->
  <testcase name="createGroup" time="0.0" classname="com.test.AdminTest">
    <skipped/>
  </testcase> <!-- createGroup -->
</testsuite> <!-- Tests [createGroup, aeditUserGroup] -->
