<html>
<head>
<title>TestNG:  Some login check</title>
<link href="../testng.css" rel="stylesheet" type="text/css" />
<link href="../my-testng.css" rel="stylesheet" type="text/css" />

<style type="text/css">
.log { display: none;} 
.stack-trace { display: none;} 
</style>
<script type="text/javascript">
<!--
function flip(e) {
  current = e.style.display;
  if (current == 'block') {
    e.style.display = 'none';
    return 0;
  }
  else {
    e.style.display = 'block';
    return 1;
  }
}

function toggleBox(szDivId, elem, msg1, msg2)
{
  var res = -1;  if (document.getElementById) {
    res = flip(document.getElementById(szDivId));
  }
  else if (document.all) {
    // this is the way old msie versions work
    res = flip(document.all[szDivId]);
  }
  if(elem) {
    if(res == 0) elem.innerHTML = msg1; else elem.innerHTML = msg2;
  }

}

function toggleAllBoxes() {
  if (document.getElementsByTagName) {
    d = document.getElementsByTagName('div');
    for (i = 0; i < d.length; i++) {
      if (d[i].className == 'log') {
        flip(d[i]);
      }
    }
  }
}

// -->
</script>

</head>
<body>
<h2 align='center'>Some login check</h2><table border='1' align="center">
<tr>
<td>Tests passed/Failed/Skipped:</td><td>0/0/2</td>
</tr><tr>
<td>Started on:</td><td>Fri Oct 14 10:57:34 IST 2016</td>
</tr>
<tr><td>Total time:</td><td>28 seconds (28917 ms)</td>
</tr><tr>
<td>Included groups:</td><td></td>
</tr><tr>
<td>Excluded groups:</td><td></td>
</tr>
</table><p/>
<small><i>(Hover the method name to see the test class name)</i></small><p/>
<table width='100%' border='1' class='invocation-failed'>
<tr><td colspan='4' align='center'><b>FAILED CONFIGURATIONS</b></td></tr>
<tr><td><b>Test method</b></td>
<td width="30%"><b>Exception</b></td>
<td width="10%"><b>Time (seconds)</b></td>
<td><b>Instance</b></td>
</tr>
<tr>
<td title='com.ideator.common.AdminTest.setup()'><b>setup</b><br>Test class: com.ideator.common.AdminTest</td>
<td><div><pre>org.openqa.selenium.NoSuchWindowException: Window not found. The browser window may have been closed.
Command duration or timeout: 21 milliseconds
Build info: version: &apos;2.48.2&apos;, revision: &apos;41bccdd10cf2c0560f637404c2d96164b67d9d67&apos;, time: &apos;2015-10-09 13:08:06&apos;
System info: host: &apos;sourabhdh-w7&apos;, ip: &apos;172.27.140.164&apos;, os.name: &apos;Windows 7&apos;, os.arch: &apos;amd64&apos;, os.version: &apos;6.1&apos;, java.version: &apos;1.8.0_91&apos;
Driver info: org.openqa.selenium.firefox.FirefoxDriver
Capabilities [{applicationCacheEnabled=true, rotatable=false, handlesAlerts=true, databaseEnabled=true, version=34.0.5, platform=WINDOWS, nativeEvents=false, acceptSslCerts=true, webStorageEnabled=true, locationContextEnabled=true, browserName=firefox, takesScreenshot=true, javascriptEnabled=true, cssSelectorsEnabled=true}]
Session ID: 40ddfc22-6abc-4dca-9007-de248e650c94
*** Element info: {Using=id, value=user-email}
	at org.openqa.selenium.remote.ErrorHandler.createThrowable(ErrorHandler.java:206)
	at org.openqa.selenium.remote.ErrorHandler.throwIfResponseFailed(ErrorHandler.java:158)
	at org.openqa.selenium.remote.RemoteWebDriver.execute(RemoteWebDriver.java:647)
	at org.openqa.selenium.remote.RemoteWebDriver.findElement(RemoteWebDriver.java:353)
	at org.openqa.selenium.remote.RemoteWebDriver.findElementById(RemoteWebDriver.java:403)
	at org.openqa.selenium.By$ById.findElement(By.java:218)
	at org.openqa.selenium.remote.RemoteWebDriver.findElement(RemoteWebDriver.java:345)
	at org.openqa.selenium.support.pagefactory.DefaultElementLocator.findElement(DefaultElementLocator.java:69)
	at org.openqa.selenium.support.pagefactory.internal.LocatingElementHandler.invoke(LocatingElementHandler.java:38)
	at com.sun.proxy.$Proxy5.sendKeys(Unknown Source)
	at com.ideator.page.LoginPage.submitLoginCredential(LoginPage.java:43)
	at com.ideator.common.AdminTest.setup(AdminTest.java:27)
	at com.ideator.common.Sample.testNgSample(Sample.java:64)
	at com.ideator.common.Sample.main(Sample.java:71)
Caused by: org.openqa.selenium.NoSuchWindowException: Window not found. The browser window may have been closed.
Build info: version: &apos;2.48.2&apos;, revision: &apos;41bccdd10cf2c0560f637404c2d96164b67d9d67&apos;, time: &apos;2015-10-09 13:08:06&apos;
System info: host: &apos;sourabhdh-w7&apos;, ip: &apos;172.27.140.164&apos;, os.name: &apos;Windows 7&apos;, os.arch: &apos;amd64&apos;, os.version: &apos;6.1&apos;, java.version: &apos;1.8.0_91&apos;
Driver info: driver.version: unknown
	at &lt;anonymous class&gt;.nsCommandProcessor.prototype.execute(file:///C:/Users/SAURAB~1/AppData/Local/Temp/anonymous4404606715390799959webdriver-profile/extensions/fxdriver@googlecode.com/components/command-processor.js:12602)
	at &lt;anonymous class&gt;.Dispatcher.executeAs/&lt;(file:///C:/Users/SAURAB~1/AppData/Local/Temp/anonymous4404606715390799959webdriver-profile/extensions/fxdriver@googlecode.com/components/driver-component.js:9455)
	at &lt;anonymous class&gt;.Resource.prototype.handle(file:///C:/Users/SAURAB~1/AppData/Local/Temp/anonymous4404606715390799959webdriver-profile/extensions/fxdriver@googlecode.com/components/driver-component.js:9602)
	at &lt;anonymous class&gt;.Dispatcher.prototype.dispatch(file:///C:/Users/SAURAB~1/AppData/Local/Temp/anonymous4404606715390799959webdriver-profile/extensions/fxdriver@googlecode.com/components/driver-component.js:9549)
	at &lt;anonymous class&gt;.WebDriverServer/&lt;.handle(file:///C:/Users/SAURAB~1/AppData/Local/Temp/anonymous4404606715390799959webdriver-profile/extensions/fxdriver@googlecode.com/components/driver-component.js:12390)
	at &lt;anonymous class&gt;.createHandlerFunc/&lt;(file:///C:/Users/SAURAB~1/AppData/Local/Temp/anonymous4404606715390799959webdriver-profile/extensions/fxdriver@googlecode.com/components/httpd.js:2054)
	at &lt;anonymous class&gt;.ServerHandler.prototype.handleResponse(file:///C:/Users/SAURAB~1/AppData/Local/Temp/anonymous4404606715390799959webdriver-profile/extensions/fxdriver@googlecode.com/components/httpd.js:2387)
	at &lt;anonymous class&gt;.Connection.prototype.process(file:///C:/Users/SAURAB~1/AppData/Local/Temp/anonymous4404606715390799959webdriver-profile/extensions/fxdriver@googlecode.com/components/httpd.js:1223)
	at &lt;anonymous class&gt;.RequestReader.prototype._handleResponse(file:///C:/Users/SAURAB~1/AppData/Local/Temp/anonymous4404606715390799959webdriver-profile/extensions/fxdriver@googlecode.com/components/httpd.js:1677)
	at &lt;anonymous class&gt;.RequestReader.prototype._processBody(file:///C:/Users/SAURAB~1/AppData/Local/Temp/anonymous4404606715390799959webdriver-profile/extensions/fxdriver@googlecode.com/components/httpd.js:1525)
	at &lt;anonymous class&gt;.RequestReader.prototype.onInputStreamReady(file:///C:/Users/SAURAB~1/AppData/Local/Temp/anonymous4404606715390799959webdriver-profile/extensions/fxdriver@googlecode.com/components/httpd.js:1393)
... Removed 25 stack frames</pre></div><a href='#' onClick='toggleBox("stack-trace116669570", this, "Click to show all stack frames", "Click to hide stack frames")'>Click to show all stack frames</a>
<div class='stack-trace' id='stack-trace116669570'><pre>org.openqa.selenium.NoSuchWindowException: Window not found. The browser window may have been closed.
Command duration or timeout: 21 milliseconds
Build info: version: &apos;2.48.2&apos;, revision: &apos;41bccdd10cf2c0560f637404c2d96164b67d9d67&apos;, time: &apos;2015-10-09 13:08:06&apos;
System info: host: &apos;sourabhdh-w7&apos;, ip: &apos;172.27.140.164&apos;, os.name: &apos;Windows 7&apos;, os.arch: &apos;amd64&apos;, os.version: &apos;6.1&apos;, java.version: &apos;1.8.0_91&apos;
Driver info: org.openqa.selenium.firefox.FirefoxDriver
Capabilities [{applicationCacheEnabled=true, rotatable=false, handlesAlerts=true, databaseEnabled=true, version=34.0.5, platform=WINDOWS, nativeEvents=false, acceptSslCerts=true, webStorageEnabled=true, locationContextEnabled=true, browserName=firefox, takesScreenshot=true, javascriptEnabled=true, cssSelectorsEnabled=true}]
Session ID: 40ddfc22-6abc-4dca-9007-de248e650c94
*** Element info: {Using=id, value=user-email}
	at sun.reflect.NativeConstructorAccessorImpl.newInstance0(Native Method)
	at sun.reflect.NativeConstructorAccessorImpl.newInstance(Unknown Source)
	at sun.reflect.DelegatingConstructorAccessorImpl.newInstance(Unknown Source)
	at java.lang.reflect.Constructor.newInstance(Unknown Source)
	at org.openqa.selenium.remote.ErrorHandler.createThrowable(ErrorHandler.java:206)
	at org.openqa.selenium.remote.ErrorHandler.throwIfResponseFailed(ErrorHandler.java:158)
	at org.openqa.selenium.remote.RemoteWebDriver.execute(RemoteWebDriver.java:647)
	at org.openqa.selenium.remote.RemoteWebDriver.findElement(RemoteWebDriver.java:353)
	at org.openqa.selenium.remote.RemoteWebDriver.findElementById(RemoteWebDriver.java:403)
	at org.openqa.selenium.By$ById.findElement(By.java:218)
	at org.openqa.selenium.remote.RemoteWebDriver.findElement(RemoteWebDriver.java:345)
	at org.openqa.selenium.support.pagefactory.DefaultElementLocator.findElement(DefaultElementLocator.java:69)
	at org.openqa.selenium.support.pagefactory.internal.LocatingElementHandler.invoke(LocatingElementHandler.java:38)
	at com.sun.proxy.$Proxy5.sendKeys(Unknown Source)
	at com.ideator.page.LoginPage.submitLoginCredential(LoginPage.java:43)
	at com.ideator.common.AdminTest.setup(AdminTest.java:27)
	at sun.reflect.NativeMethodAccessorImpl.invoke0(Native Method)
	at sun.reflect.NativeMethodAccessorImpl.invoke(Unknown Source)
	at sun.reflect.DelegatingMethodAccessorImpl.invoke(Unknown Source)
	at java.lang.reflect.Method.invoke(Unknown Source)
	at org.testng.internal.MethodInvocationHelper.invokeMethod(MethodInvocationHelper.java:85)
	at org.testng.internal.Invoker.invokeConfigurationMethod(Invoker.java:510)
	at org.testng.internal.Invoker.invokeConfigurations(Invoker.java:211)
	at org.testng.internal.Invoker.invokeConfigurations(Invoker.java:138)
	at org.testng.internal.TestMethodWorker.invokeBeforeClassMethods(TestMethodWorker.java:170)
	at org.testng.internal.TestMethodWorker.run(TestMethodWorker.java:104)
	at org.testng.TestRunner.privateRun(TestRunner.java:774)
	at org.testng.TestRunner.run(TestRunner.java:624)
	at org.testng.SuiteRunner.runTest(SuiteRunner.java:359)
	at org.testng.SuiteRunner.runSequentially(SuiteRunner.java:354)
	at org.testng.SuiteRunner.privateRun(SuiteRunner.java:312)
	at org.testng.SuiteRunner.run(SuiteRunner.java:261)
	at org.testng.SuiteRunnerWorker.runSuite(SuiteRunnerWorker.java:52)
	at org.testng.SuiteRunnerWorker.run(SuiteRunnerWorker.java:86)
	at org.testng.TestNG.runSuitesSequentially(TestNG.java:1215)
	at org.testng.TestNG.runSuitesLocally(TestNG.java:1140)
	at org.testng.TestNG.run(TestNG.java:1048)
	at com.ideator.common.Sample.testNgSample(Sample.java:64)
	at com.ideator.common.Sample.main(Sample.java:71)
Caused by: org.openqa.selenium.NoSuchWindowException: Window not found. The browser window may have been closed.
Build info: version: &apos;2.48.2&apos;, revision: &apos;41bccdd10cf2c0560f637404c2d96164b67d9d67&apos;, time: &apos;2015-10-09 13:08:06&apos;
System info: host: &apos;sourabhdh-w7&apos;, ip: &apos;172.27.140.164&apos;, os.name: &apos;Windows 7&apos;, os.arch: &apos;amd64&apos;, os.version: &apos;6.1&apos;, java.version: &apos;1.8.0_91&apos;
Driver info: driver.version: unknown
	at &lt;anonymous class&gt;.nsCommandProcessor.prototype.execute(file:///C:/Users/SAURAB~1/AppData/Local/Temp/anonymous4404606715390799959webdriver-profile/extensions/fxdriver@googlecode.com/components/command-processor.js:12602)
	at &lt;anonymous class&gt;.Dispatcher.executeAs/&lt;(file:///C:/Users/SAURAB~1/AppData/Local/Temp/anonymous4404606715390799959webdriver-profile/extensions/fxdriver@googlecode.com/components/driver-component.js:9455)
	at &lt;anonymous class&gt;.Resource.prototype.handle(file:///C:/Users/SAURAB~1/AppData/Local/Temp/anonymous4404606715390799959webdriver-profile/extensions/fxdriver@googlecode.com/components/driver-component.js:9602)
	at &lt;anonymous class&gt;.Dispatcher.prototype.dispatch(file:///C:/Users/SAURAB~1/AppData/Local/Temp/anonymous4404606715390799959webdriver-profile/extensions/fxdriver@googlecode.com/components/driver-component.js:9549)
	at &lt;anonymous class&gt;.WebDriverServer/&lt;.handle(file:///C:/Users/SAURAB~1/AppData/Local/Temp/anonymous4404606715390799959webdriver-profile/extensions/fxdriver@googlecode.com/components/driver-component.js:12390)
	at &lt;anonymous class&gt;.createHandlerFunc/&lt;(file:///C:/Users/SAURAB~1/AppData/Local/Temp/anonymous4404606715390799959webdriver-profile/extensions/fxdriver@googlecode.com/components/httpd.js:2054)
	at &lt;anonymous class&gt;.ServerHandler.prototype.handleResponse(file:///C:/Users/SAURAB~1/AppData/Local/Temp/anonymous4404606715390799959webdriver-profile/extensions/fxdriver@googlecode.com/components/httpd.js:2387)
	at &lt;anonymous class&gt;.Connection.prototype.process(file:///C:/Users/SAURAB~1/AppData/Local/Temp/anonymous4404606715390799959webdriver-profile/extensions/fxdriver@googlecode.com/components/httpd.js:1223)
	at &lt;anonymous class&gt;.RequestReader.prototype._handleResponse(file:///C:/Users/SAURAB~1/AppData/Local/Temp/anonymous4404606715390799959webdriver-profile/extensions/fxdriver@googlecode.com/components/httpd.js:1677)
	at &lt;anonymous class&gt;.RequestReader.prototype._processBody(file:///C:/Users/SAURAB~1/AppData/Local/Temp/anonymous4404606715390799959webdriver-profile/extensions/fxdriver@googlecode.com/components/httpd.js:1525)
	at &lt;anonymous class&gt;.RequestReader.prototype.onInputStreamReady(file:///C:/Users/SAURAB~1/AppData/Local/Temp/anonymous4404606715390799959webdriver-profile/extensions/fxdriver@googlecode.com/components/httpd.js:1393)
</pre></div></td>
<td>0</td>
<td>com.ideator.common.AdminTest@b065c63</td></tr>
</table><p>
<table width='100%' border='1' class='invocation-skipped'>
<tr><td colspan='4' align='center'><b>SKIPPED CONFIGURATIONS</b></td></tr>
<tr><td><b>Test method</b></td>
<td width="30%"><b>Exception</b></td>
<td width="10%"><b>Time (seconds)</b></td>
<td><b>Instance</b></td>
</tr>
<tr>
<td title='com.ideator.common.AdminTest.tearDown()'><b>tearDown</b><br>Test class: com.ideator.common.AdminTest</td>
<td></td>
<td>0</td>
<td>com.ideator.common.AdminTest@b065c63</td></tr>
</table><p>
<table width='100%' border='1' class='invocation-skipped'>
<tr><td colspan='4' align='center'><b>SKIPPED TESTS</b></td></tr>
<tr><td><b>Test method</b></td>
<td width="30%"><b>Exception</b></td>
<td width="10%"><b>Time (seconds)</b></td>
<td><b>Instance</b></td>
</tr>
<tr>
<td title='com.ideator.common.AdminTest.addUserCommunity()'><b>addUserCommunity</b><br>Test class: com.ideator.common.AdminTest</td>
<td></td>
<td>0</td>
<td>com.ideator.common.AdminTest@b065c63</td></tr>
<tr>
<td title='com.ideator.common.AdminTest.checkCustomOnBordingON()'><b>checkCustomOnBordingON</b><br>Test class: com.ideator.common.AdminTest</td>
<td></td>
<td>0</td>
<td>com.ideator.common.AdminTest@b065c63</td></tr>
</table><p>
</body>
</html>